<?xml version="1.0" encoding="UTF-8"?>
<testng-results ignored="0" total="1" passed="1" failed="0" skipped="0">
  <reporter-output>
  </reporter-output>
  <suite started-at="2023-08-28T20:22:26 IST" name="Default suite" finished-at="2023-08-28T20:22:35 IST" duration-ms="8550">
    <groups>
    </groups>
    <test started-at="2023-08-28T20:22:26 IST" name="Default test" finished-at="2023-08-28T20:22:35 IST" duration-ms="8550">
      <class name="testCases.RemoveFromCart">
        <test-method signature="RemoveItemFromCart()[pri:0, instance:testCases.RemoveFromCart@57a3af25]" started-at="2023-08-28T20:22:26 IST" name="RemoveItemFromCart" finished-at="2023-08-28T20:22:35 IST" duration-ms="8478" status="PASS">
          <reporter-output>
          </reporter-output>
        </test-method> <!-- RemoveItemFromCart -->
      </class> <!-- testCases.RemoveFromCart -->
    </test> <!-- Default test -->
  </suite> <!-- Default suite -->
</testng-results>
